{
  "0 debug pnpm:scope": {
    "selected": 1,
    "workspacePrefix": "/Users/youjiaqijiaqi/Desktop/安般/New_yh-frontend"
  },
  "1 info pnpm": {
    "err": {
      "name": "Error",
      "message": "not found: instal",
      "code": "ENOENT",
      "stack": "Error: not found: instal\n    at getNotFoundError (/usr/local/lib/node_modules/pnpm/dist/pnpm.cjs:21148:51)\n    at Function.whichSync [as sync] (/usr/local/lib/node_modules/pnpm/dist/pnpm.cjs:21225:13)\n    at getCommandAbsolutePathSync (/usr/local/lib/node_modules/pnpm/dist/pnpm.cjs:22903:44)\n    at default_1 (/usr/local/lib/node_modules/pnpm/dist/pnpm.cjs:22912:32)\n    at /usr/local/lib/node_modules/pnpm/dist/pnpm.cjs:184716:39"
    }
  },
  "2 error pnpm": {
    "code": "ERR_PNPM_RECURSIVE_EXEC_FIRST_FAIL",
    "prefix": "/Users/youjiaqijiaqi/Desktop/安般/New_yh-frontend",
    "err": {
      "name": "pnpm",
      "message": "not found: instal",
      "code": "ERR_PNPM_RECURSIVE_EXEC_FIRST_FAIL",
      "stack": "Error: not found: instal\n    at getNotFoundError (/usr/local/lib/node_modules/pnpm/dist/pnpm.cjs:21148:51)\n    at Function.whichSync [as sync] (/usr/local/lib/node_modules/pnpm/dist/pnpm.cjs:21225:13)\n    at getCommandAbsolutePathSync (/usr/local/lib/node_modules/pnpm/dist/pnpm.cjs:22903:44)\n    at default_1 (/usr/local/lib/node_modules/pnpm/dist/pnpm.cjs:22912:32)\n    at /usr/local/lib/node_modules/pnpm/dist/pnpm.cjs:184716:39"
    }
  }
}